[1748618343] Message to 4 Fragment { fragment_index: 0, total_n_fragments: 1, length: 33, data: [115, 101, 114, 118, 101, 114, 95, 116, 121, 112, 101, 33, 40, 67, 111, 109, 109, 117, 110, 105, 99, 97, 116, 105, 111, 110, 83, 101, 114, 118, 101, 114, 41, 0, 0, 0, 0, 0, 0, 0, 0, 0, 0, 0, 0, 0, 0, 0, 0, 0, 0, 0, 0, 0, 0, 0, 0, 0, 0, 0, 0, 0, 0, 0, 0, 0, 0, 0, 0, 0, 0, 0, 0, 0, 0, 0, 0, 0, 0, 0, 0, 0, 0, 0, 0, 0, 0, 0, 0, 0, 0, 0, 0, 0, 0, 0, 0, 0, 0, 0, 0, 0, 0, 0, 0, 0, 0, 0, 0, 0, 0, 0, 0, 0, 0, 0, 0, 0, 0, 0, 0, 0, 0, 0, 0, 0, 0, 0] }
[1748618343] server_type!(CommunicationServer)
[1748618343] Message to 5 Fragment { fragment_index: 0, total_n_fragments: 1, length: 33, data: [115, 101, 114, 118, 101, 114, 95, 116, 121, 112, 101, 33, 40, 67, 111, 109, 109, 117, 110, 105, 99, 97, 116, 105, 111, 110, 83, 101, 114, 118, 101, 114, 41, 0, 0, 0, 0, 0, 0, 0, 0, 0, 0, 0, 0, 0, 0, 0, 0, 0, 0, 0, 0, 0, 0, 0, 0, 0, 0, 0, 0, 0, 0, 0, 0, 0, 0, 0, 0, 0, 0, 0, 0, 0, 0, 0, 0, 0, 0, 0, 0, 0, 0, 0, 0, 0, 0, 0, 0, 0, 0, 0, 0, 0, 0, 0, 0, 0, 0, 0, 0, 0, 0, 0, 0, 0, 0, 0, 0, 0, 0, 0, 0, 0, 0, 0, 0, 0, 0, 0, 0, 0, 0, 0, 0, 0, 0, 0] }
[1748618343] server_type!(CommunicationServer)
[1748621724] Message to 4 Fragment { fragment_index: 0, total_n_fragments: 1, length: 33, data: [115, 101, 114, 118, 101, 114, 95, 116, 121, 112, 101, 33, 40, 67, 111, 109, 109, 117, 110, 105, 99, 97, 116, 105, 111, 110, 83, 101, 114, 118, 101, 114, 41, 0, 0, 0, 0, 0, 0, 0, 0, 0, 0, 0, 0, 0, 0, 0, 0, 0, 0, 0, 0, 0, 0, 0, 0, 0, 0, 0, 0, 0, 0, 0, 0, 0, 0, 0, 0, 0, 0, 0, 0, 0, 0, 0, 0, 0, 0, 0, 0, 0, 0, 0, 0, 0, 0, 0, 0, 0, 0, 0, 0, 0, 0, 0, 0, 0, 0, 0, 0, 0, 0, 0, 0, 0, 0, 0, 0, 0, 0, 0, 0, 0, 0, 0, 0, 0, 0, 0, 0, 0, 0, 0, 0, 0, 0, 0] }
[1748621724] server_type!(CommunicationServer)
[1748621724] Message to 5 Fragment { fragment_index: 0, total_n_fragments: 1, length: 33, data: [115, 101, 114, 118, 101, 114, 95, 116, 121, 112, 101, 33, 40, 67, 111, 109, 109, 117, 110, 105, 99, 97, 116, 105, 111, 110, 83, 101, 114, 118, 101, 114, 41, 0, 0, 0, 0, 0, 0, 0, 0, 0, 0, 0, 0, 0, 0, 0, 0, 0, 0, 0, 0, 0, 0, 0, 0, 0, 0, 0, 0, 0, 0, 0, 0, 0, 0, 0, 0, 0, 0, 0, 0, 0, 0, 0, 0, 0, 0, 0, 0, 0, 0, 0, 0, 0, 0, 0, 0, 0, 0, 0, 0, 0, 0, 0, 0, 0, 0, 0, 0, 0, 0, 0, 0, 0, 0, 0, 0, 0, 0, 0, 0, 0, 0, 0, 0, 0, 0, 0, 0, 0, 0, 0, 0, 0, 0, 0] }
[1748621724] server_type!(CommunicationServer)
[1748621724] Message to 5 Fragment { fragment_index: 0, total_n_fragments: 1, length: 33, data: [115, 101, 114, 118, 101, 114, 95, 116, 121, 112, 101, 33, 40, 67, 111, 109, 109, 117, 110, 105, 99, 97, 116, 105, 111, 110, 83, 101, 114, 118, 101, 114, 41, 0, 0, 0, 0, 0, 0, 0, 0, 0, 0, 0, 0, 0, 0, 0, 0, 0, 0, 0, 0, 0, 0, 0, 0, 0, 0, 0, 0, 0, 0, 0, 0, 0, 0, 0, 0, 0, 0, 0, 0, 0, 0, 0, 0, 0, 0, 0, 0, 0, 0, 0, 0, 0, 0, 0, 0, 0, 0, 0, 0, 0, 0, 0, 0, 0, 0, 0, 0, 0, 0, 0, 0, 0, 0, 0, 0, 0, 0, 0, 0, 0, 0, 0, 0, 0, 0, 0, 0, 0, 0, 0, 0, 0, 0, 0] }
[1748621724] server_type!(CommunicationServer)
[1748621735] Message to 4 Fragment { fragment_index: 0, total_n_fragments: 1, length: 20, data: [99, 108, 105, 101, 110, 116, 95, 108, 105, 115, 116, 33, 40, 91, 52, 44, 32, 53, 93, 41, 0, 0, 0, 0, 0, 0, 0, 0, 0, 0, 0, 0, 0, 0, 0, 0, 0, 0, 0, 0, 0, 0, 0, 0, 0, 0, 0, 0, 0, 0, 0, 0, 0, 0, 0, 0, 0, 0, 0, 0, 0, 0, 0, 0, 0, 0, 0, 0, 0, 0, 0, 0, 0, 0, 0, 0, 0, 0, 0, 0, 0, 0, 0, 0, 0, 0, 0, 0, 0, 0, 0, 0, 0, 0, 0, 0, 0, 0, 0, 0, 0, 0, 0, 0, 0, 0, 0, 0, 0, 0, 0, 0, 0, 0, 0, 0, 0, 0, 0, 0, 0, 0, 0, 0, 0, 0, 0, 0] }
[1748621735] client_list!([4, 5])
[1748635442] Message to 4 Fragment { fragment_index: 0, total_n_fragments: 1, length: 33, data: [115, 101, 114, 118, 101, 114, 95, 116, 121, 112, 101, 33, 40, 67, 111, 109, 109, 117, 110, 105, 99, 97, 116, 105, 111, 110, 83, 101, 114, 118, 101, 114, 41, 0, 0, 0, 0, 0, 0, 0, 0, 0, 0, 0, 0, 0, 0, 0, 0, 0, 0, 0, 0, 0, 0, 0, 0, 0, 0, 0, 0, 0, 0, 0, 0, 0, 0, 0, 0, 0, 0, 0, 0, 0, 0, 0, 0, 0, 0, 0, 0, 0, 0, 0, 0, 0, 0, 0, 0, 0, 0, 0, 0, 0, 0, 0, 0, 0, 0, 0, 0, 0, 0, 0, 0, 0, 0, 0, 0, 0, 0, 0, 0, 0, 0, 0, 0, 0, 0, 0, 0, 0, 0, 0, 0, 0, 0, 0] }
[1748635442] server_type!(CommunicationServer)
[1748635442] Message to 5 Fragment { fragment_index: 0, total_n_fragments: 1, length: 33, data: [115, 101, 114, 118, 101, 114, 95, 116, 121, 112, 101, 33, 40, 67, 111, 109, 109, 117, 110, 105, 99, 97, 116, 105, 111, 110, 83, 101, 114, 118, 101, 114, 41, 0, 0, 0, 0, 0, 0, 0, 0, 0, 0, 0, 0, 0, 0, 0, 0, 0, 0, 0, 0, 0, 0, 0, 0, 0, 0, 0, 0, 0, 0, 0, 0, 0, 0, 0, 0, 0, 0, 0, 0, 0, 0, 0, 0, 0, 0, 0, 0, 0, 0, 0, 0, 0, 0, 0, 0, 0, 0, 0, 0, 0, 0, 0, 0, 0, 0, 0, 0, 0, 0, 0, 0, 0, 0, 0, 0, 0, 0, 0, 0, 0, 0, 0, 0, 0, 0, 0, 0, 0, 0, 0, 0, 0, 0, 0] }
[1748635442] server_type!(CommunicationServer)
[1748635455] Message to 4 Fragment { fragment_index: 0, total_n_fragments: 1, length: 20, data: [99, 108, 105, 101, 110, 116, 95, 108, 105, 115, 116, 33, 40, 91, 52, 44, 32, 53, 93, 41, 0, 0, 0, 0, 0, 0, 0, 0, 0, 0, 0, 0, 0, 0, 0, 0, 0, 0, 0, 0, 0, 0, 0, 0, 0, 0, 0, 0, 0, 0, 0, 0, 0, 0, 0, 0, 0, 0, 0, 0, 0, 0, 0, 0, 0, 0, 0, 0, 0, 0, 0, 0, 0, 0, 0, 0, 0, 0, 0, 0, 0, 0, 0, 0, 0, 0, 0, 0, 0, 0, 0, 0, 0, 0, 0, 0, 0, 0, 0, 0, 0, 0, 0, 0, 0, 0, 0, 0, 0, 0, 0, 0, 0, 0, 0, 0, 0, 0, 0, 0, 0, 0, 0, 0, 0, 0, 0, 0] }
[1748635455] client_list!([4, 5])
[1748635456] Message to 4 Fragment { fragment_index: 0, total_n_fragments: 1, length: 20, data: [99, 108, 105, 101, 110, 116, 95, 108, 105, 115, 116, 33, 40, 91, 52, 44, 32, 53, 93, 41, 0, 0, 0, 0, 0, 0, 0, 0, 0, 0, 0, 0, 0, 0, 0, 0, 0, 0, 0, 0, 0, 0, 0, 0, 0, 0, 0, 0, 0, 0, 0, 0, 0, 0, 0, 0, 0, 0, 0, 0, 0, 0, 0, 0, 0, 0, 0, 0, 0, 0, 0, 0, 0, 0, 0, 0, 0, 0, 0, 0, 0, 0, 0, 0, 0, 0, 0, 0, 0, 0, 0, 0, 0, 0, 0, 0, 0, 0, 0, 0, 0, 0, 0, 0, 0, 0, 0, 0, 0, 0, 0, 0, 0, 0, 0, 0, 0, 0, 0, 0, 0, 0, 0, 0, 0, 0, 0, 0] }
[1748635456] client_list!([4, 5])
[1748635458] Message to 4 Fragment { fragment_index: 0, total_n_fragments: 1, length: 20, data: [99, 108, 105, 101, 110, 116, 95, 108, 105, 115, 116, 33, 40, 91, 52, 44, 32, 53, 93, 41, 0, 0, 0, 0, 0, 0, 0, 0, 0, 0, 0, 0, 0, 0, 0, 0, 0, 0, 0, 0, 0, 0, 0, 0, 0, 0, 0, 0, 0, 0, 0, 0, 0, 0, 0, 0, 0, 0, 0, 0, 0, 0, 0, 0, 0, 0, 0, 0, 0, 0, 0, 0, 0, 0, 0, 0, 0, 0, 0, 0, 0, 0, 0, 0, 0, 0, 0, 0, 0, 0, 0, 0, 0, 0, 0, 0, 0, 0, 0, 0, 0, 0, 0, 0, 0, 0, 0, 0, 0, 0, 0, 0, 0, 0, 0, 0, 0, 0, 0, 0, 0, 0, 0, 0, 0, 0, 0, 0] }
[1748635458] client_list!([4, 5])
[1748635458] Message to 4 Fragment { fragment_index: 0, total_n_fragments: 1, length: 20, data: [99, 108, 105, 101, 110, 116, 95, 108, 105, 115, 116, 33, 40, 91, 52, 44, 32, 53, 93, 41, 0, 0, 0, 0, 0, 0, 0, 0, 0, 0, 0, 0, 0, 0, 0, 0, 0, 0, 0, 0, 0, 0, 0, 0, 0, 0, 0, 0, 0, 0, 0, 0, 0, 0, 0, 0, 0, 0, 0, 0, 0, 0, 0, 0, 0, 0, 0, 0, 0, 0, 0, 0, 0, 0, 0, 0, 0, 0, 0, 0, 0, 0, 0, 0, 0, 0, 0, 0, 0, 0, 0, 0, 0, 0, 0, 0, 0, 0, 0, 0, 0, 0, 0, 0, 0, 0, 0, 0, 0, 0, 0, 0, 0, 0, 0, 0, 0, 0, 0, 0, 0, 0, 0, 0, 0, 0, 0, 0] }
[1748635458] client_list!([4, 5])
[1748635458] Message to 4 Fragment { fragment_index: 0, total_n_fragments: 1, length: 20, data: [99, 108, 105, 101, 110, 116, 95, 108, 105, 115, 116, 33, 40, 91, 52, 44, 32, 53, 93, 41, 0, 0, 0, 0, 0, 0, 0, 0, 0, 0, 0, 0, 0, 0, 0, 0, 0, 0, 0, 0, 0, 0, 0, 0, 0, 0, 0, 0, 0, 0, 0, 0, 0, 0, 0, 0, 0, 0, 0, 0, 0, 0, 0, 0, 0, 0, 0, 0, 0, 0, 0, 0, 0, 0, 0, 0, 0, 0, 0, 0, 0, 0, 0, 0, 0, 0, 0, 0, 0, 0, 0, 0, 0, 0, 0, 0, 0, 0, 0, 0, 0, 0, 0, 0, 0, 0, 0, 0, 0, 0, 0, 0, 0, 0, 0, 0, 0, 0, 0, 0, 0, 0, 0, 0, 0, 0, 0, 0] }
[1748635458] client_list!([4, 5])
[1748635459] Message to 4 Fragment { fragment_index: 0, total_n_fragments: 1, length: 20, data: [99, 108, 105, 101, 110, 116, 95, 108, 105, 115, 116, 33, 40, 91, 52, 44, 32, 53, 93, 41, 0, 0, 0, 0, 0, 0, 0, 0, 0, 0, 0, 0, 0, 0, 0, 0, 0, 0, 0, 0, 0, 0, 0, 0, 0, 0, 0, 0, 0, 0, 0, 0, 0, 0, 0, 0, 0, 0, 0, 0, 0, 0, 0, 0, 0, 0, 0, 0, 0, 0, 0, 0, 0, 0, 0, 0, 0, 0, 0, 0, 0, 0, 0, 0, 0, 0, 0, 0, 0, 0, 0, 0, 0, 0, 0, 0, 0, 0, 0, 0, 0, 0, 0, 0, 0, 0, 0, 0, 0, 0, 0, 0, 0, 0, 0, 0, 0, 0, 0, 0, 0, 0, 0, 0, 0, 0, 0, 0] }
[1748635459] client_list!([4, 5])
[1748635459] Message to 4 Fragment { fragment_index: 0, total_n_fragments: 1, length: 20, data: [99, 108, 105, 101, 110, 116, 95, 108, 105, 115, 116, 33, 40, 91, 52, 44, 32, 53, 93, 41, 0, 0, 0, 0, 0, 0, 0, 0, 0, 0, 0, 0, 0, 0, 0, 0, 0, 0, 0, 0, 0, 0, 0, 0, 0, 0, 0, 0, 0, 0, 0, 0, 0, 0, 0, 0, 0, 0, 0, 0, 0, 0, 0, 0, 0, 0, 0, 0, 0, 0, 0, 0, 0, 0, 0, 0, 0, 0, 0, 0, 0, 0, 0, 0, 0, 0, 0, 0, 0, 0, 0, 0, 0, 0, 0, 0, 0, 0, 0, 0, 0, 0, 0, 0, 0, 0, 0, 0, 0, 0, 0, 0, 0, 0, 0, 0, 0, 0, 0, 0, 0, 0, 0, 0, 0, 0, 0, 0] }
[1748635459] client_list!([4, 5])
[1748635459] Message to 4 Fragment { fragment_index: 0, total_n_fragments: 1, length: 20, data: [99, 108, 105, 101, 110, 116, 95, 108, 105, 115, 116, 33, 40, 91, 52, 44, 32, 53, 93, 41, 0, 0, 0, 0, 0, 0, 0, 0, 0, 0, 0, 0, 0, 0, 0, 0, 0, 0, 0, 0, 0, 0, 0, 0, 0, 0, 0, 0, 0, 0, 0, 0, 0, 0, 0, 0, 0, 0, 0, 0, 0, 0, 0, 0, 0, 0, 0, 0, 0, 0, 0, 0, 0, 0, 0, 0, 0, 0, 0, 0, 0, 0, 0, 0, 0, 0, 0, 0, 0, 0, 0, 0, 0, 0, 0, 0, 0, 0, 0, 0, 0, 0, 0, 0, 0, 0, 0, 0, 0, 0, 0, 0, 0, 0, 0, 0, 0, 0, 0, 0, 0, 0, 0, 0, 0, 0, 0, 0] }
[1748635459] client_list!([4, 5])
[1748635460] Message to 4 Fragment { fragment_index: 0, total_n_fragments: 1, length: 20, data: [99, 108, 105, 101, 110, 116, 95, 108, 105, 115, 116, 33, 40, 91, 52, 44, 32, 53, 93, 41, 0, 0, 0, 0, 0, 0, 0, 0, 0, 0, 0, 0, 0, 0, 0, 0, 0, 0, 0, 0, 0, 0, 0, 0, 0, 0, 0, 0, 0, 0, 0, 0, 0, 0, 0, 0, 0, 0, 0, 0, 0, 0, 0, 0, 0, 0, 0, 0, 0, 0, 0, 0, 0, 0, 0, 0, 0, 0, 0, 0, 0, 0, 0, 0, 0, 0, 0, 0, 0, 0, 0, 0, 0, 0, 0, 0, 0, 0, 0, 0, 0, 0, 0, 0, 0, 0, 0, 0, 0, 0, 0, 0, 0, 0, 0, 0, 0, 0, 0, 0, 0, 0, 0, 0, 0, 0, 0, 0] }
[1748635460] client_list!([4, 5])
[1748635460] Message to 4 Fragment { fragment_index: 0, total_n_fragments: 1, length: 20, data: [99, 108, 105, 101, 110, 116, 95, 108, 105, 115, 116, 33, 40, 91, 52, 44, 32, 53, 93, 41, 0, 0, 0, 0, 0, 0, 0, 0, 0, 0, 0, 0, 0, 0, 0, 0, 0, 0, 0, 0, 0, 0, 0, 0, 0, 0, 0, 0, 0, 0, 0, 0, 0, 0, 0, 0, 0, 0, 0, 0, 0, 0, 0, 0, 0, 0, 0, 0, 0, 0, 0, 0, 0, 0, 0, 0, 0, 0, 0, 0, 0, 0, 0, 0, 0, 0, 0, 0, 0, 0, 0, 0, 0, 0, 0, 0, 0, 0, 0, 0, 0, 0, 0, 0, 0, 0, 0, 0, 0, 0, 0, 0, 0, 0, 0, 0, 0, 0, 0, 0, 0, 0, 0, 0, 0, 0, 0, 0] }
[1748635460] client_list!([4, 5])
[1748635465] Message to 4 Fragment { fragment_index: 0, total_n_fragments: 1, length: 20, data: [99, 108, 105, 101, 110, 116, 95, 108, 105, 115, 116, 33, 40, 91, 52, 44, 32, 53, 93, 41, 0, 0, 0, 0, 0, 0, 0, 0, 0, 0, 0, 0, 0, 0, 0, 0, 0, 0, 0, 0, 0, 0, 0, 0, 0, 0, 0, 0, 0, 0, 0, 0, 0, 0, 0, 0, 0, 0, 0, 0, 0, 0, 0, 0, 0, 0, 0, 0, 0, 0, 0, 0, 0, 0, 0, 0, 0, 0, 0, 0, 0, 0, 0, 0, 0, 0, 0, 0, 0, 0, 0, 0, 0, 0, 0, 0, 0, 0, 0, 0, 0, 0, 0, 0, 0, 0, 0, 0, 0, 0, 0, 0, 0, 0, 0, 0, 0, 0, 0, 0, 0, 0, 0, 0, 0, 0, 0, 0] }
[1748635465] client_list!([4, 5])
[1748635861] Message to 4 Fragment { fragment_index: 0, total_n_fragments: 1, length: 33, data: [115, 101, 114, 118, 101, 114, 95, 116, 121, 112, 101, 33, 40, 67, 111, 109, 109, 117, 110, 105, 99, 97, 116, 105, 111, 110, 83, 101, 114, 118, 101, 114, 41, 0, 0, 0, 0, 0, 0, 0, 0, 0, 0, 0, 0, 0, 0, 0, 0, 0, 0, 0, 0, 0, 0, 0, 0, 0, 0, 0, 0, 0, 0, 0, 0, 0, 0, 0, 0, 0, 0, 0, 0, 0, 0, 0, 0, 0, 0, 0, 0, 0, 0, 0, 0, 0, 0, 0, 0, 0, 0, 0, 0, 0, 0, 0, 0, 0, 0, 0, 0, 0, 0, 0, 0, 0, 0, 0, 0, 0, 0, 0, 0, 0, 0, 0, 0, 0, 0, 0, 0, 0, 0, 0, 0, 0, 0, 0] }
[1748635861] server_type!(CommunicationServer)
[1748635861] Message to 5 Fragment { fragment_index: 0, total_n_fragments: 1, length: 33, data: [115, 101, 114, 118, 101, 114, 95, 116, 121, 112, 101, 33, 40, 67, 111, 109, 109, 117, 110, 105, 99, 97, 116, 105, 111, 110, 83, 101, 114, 118, 101, 114, 41, 0, 0, 0, 0, 0, 0, 0, 0, 0, 0, 0, 0, 0, 0, 0, 0, 0, 0, 0, 0, 0, 0, 0, 0, 0, 0, 0, 0, 0, 0, 0, 0, 0, 0, 0, 0, 0, 0, 0, 0, 0, 0, 0, 0, 0, 0, 0, 0, 0, 0, 0, 0, 0, 0, 0, 0, 0, 0, 0, 0, 0, 0, 0, 0, 0, 0, 0, 0, 0, 0, 0, 0, 0, 0, 0, 0, 0, 0, 0, 0, 0, 0, 0, 0, 0, 0, 0, 0, 0, 0, 0, 0, 0, 0, 0] }
[1748635861] server_type!(CommunicationServer)
[1748635867] Message to 4 Fragment { fragment_index: 0, total_n_fragments: 1, length: 20, data: [99, 108, 105, 101, 110, 116, 95, 108, 105, 115, 116, 33, 40, 91, 52, 44, 32, 53, 93, 41, 0, 0, 0, 0, 0, 0, 0, 0, 0, 0, 0, 0, 0, 0, 0, 0, 0, 0, 0, 0, 0, 0, 0, 0, 0, 0, 0, 0, 0, 0, 0, 0, 0, 0, 0, 0, 0, 0, 0, 0, 0, 0, 0, 0, 0, 0, 0, 0, 0, 0, 0, 0, 0, 0, 0, 0, 0, 0, 0, 0, 0, 0, 0, 0, 0, 0, 0, 0, 0, 0, 0, 0, 0, 0, 0, 0, 0, 0, 0, 0, 0, 0, 0, 0, 0, 0, 0, 0, 0, 0, 0, 0, 0, 0, 0, 0, 0, 0, 0, 0, 0, 0, 0, 0, 0, 0, 0, 0] }
[1748635867] client_list!([4, 5])
[1748635867] Message to 4 Fragment { fragment_index: 0, total_n_fragments: 1, length: 20, data: [99, 108, 105, 101, 110, 116, 95, 108, 105, 115, 116, 33, 40, 91, 52, 44, 32, 53, 93, 41, 0, 0, 0, 0, 0, 0, 0, 0, 0, 0, 0, 0, 0, 0, 0, 0, 0, 0, 0, 0, 0, 0, 0, 0, 0, 0, 0, 0, 0, 0, 0, 0, 0, 0, 0, 0, 0, 0, 0, 0, 0, 0, 0, 0, 0, 0, 0, 0, 0, 0, 0, 0, 0, 0, 0, 0, 0, 0, 0, 0, 0, 0, 0, 0, 0, 0, 0, 0, 0, 0, 0, 0, 0, 0, 0, 0, 0, 0, 0, 0, 0, 0, 0, 0, 0, 0, 0, 0, 0, 0, 0, 0, 0, 0, 0, 0, 0, 0, 0, 0, 0, 0, 0, 0, 0, 0, 0, 0] }
[1748635867] client_list!([4, 5])
[1748635867] Message to 4 Fragment { fragment_index: 0, total_n_fragments: 1, length: 20, data: [99, 108, 105, 101, 110, 116, 95, 108, 105, 115, 116, 33, 40, 91, 52, 44, 32, 53, 93, 41, 0, 0, 0, 0, 0, 0, 0, 0, 0, 0, 0, 0, 0, 0, 0, 0, 0, 0, 0, 0, 0, 0, 0, 0, 0, 0, 0, 0, 0, 0, 0, 0, 0, 0, 0, 0, 0, 0, 0, 0, 0, 0, 0, 0, 0, 0, 0, 0, 0, 0, 0, 0, 0, 0, 0, 0, 0, 0, 0, 0, 0, 0, 0, 0, 0, 0, 0, 0, 0, 0, 0, 0, 0, 0, 0, 0, 0, 0, 0, 0, 0, 0, 0, 0, 0, 0, 0, 0, 0, 0, 0, 0, 0, 0, 0, 0, 0, 0, 0, 0, 0, 0, 0, 0, 0, 0, 0, 0] }
[1748635867] client_list!([4, 5])
[1748635868] Message to 4 Fragment { fragment_index: 0, total_n_fragments: 1, length: 20, data: [99, 108, 105, 101, 110, 116, 95, 108, 105, 115, 116, 33, 40, 91, 52, 44, 32, 53, 93, 41, 0, 0, 0, 0, 0, 0, 0, 0, 0, 0, 0, 0, 0, 0, 0, 0, 0, 0, 0, 0, 0, 0, 0, 0, 0, 0, 0, 0, 0, 0, 0, 0, 0, 0, 0, 0, 0, 0, 0, 0, 0, 0, 0, 0, 0, 0, 0, 0, 0, 0, 0, 0, 0, 0, 0, 0, 0, 0, 0, 0, 0, 0, 0, 0, 0, 0, 0, 0, 0, 0, 0, 0, 0, 0, 0, 0, 0, 0, 0, 0, 0, 0, 0, 0, 0, 0, 0, 0, 0, 0, 0, 0, 0, 0, 0, 0, 0, 0, 0, 0, 0, 0, 0, 0, 0, 0, 0, 0] }
[1748635868] client_list!([4, 5])
[1748635868] Message to 4 Fragment { fragment_index: 0, total_n_fragments: 1, length: 20, data: [99, 108, 105, 101, 110, 116, 95, 108, 105, 115, 116, 33, 40, 91, 52, 44, 32, 53, 93, 41, 0, 0, 0, 0, 0, 0, 0, 0, 0, 0, 0, 0, 0, 0, 0, 0, 0, 0, 0, 0, 0, 0, 0, 0, 0, 0, 0, 0, 0, 0, 0, 0, 0, 0, 0, 0, 0, 0, 0, 0, 0, 0, 0, 0, 0, 0, 0, 0, 0, 0, 0, 0, 0, 0, 0, 0, 0, 0, 0, 0, 0, 0, 0, 0, 0, 0, 0, 0, 0, 0, 0, 0, 0, 0, 0, 0, 0, 0, 0, 0, 0, 0, 0, 0, 0, 0, 0, 0, 0, 0, 0, 0, 0, 0, 0, 0, 0, 0, 0, 0, 0, 0, 0, 0, 0, 0, 0, 0] }
[1748635868] client_list!([4, 5])
[1748635868] Message to 4 Fragment { fragment_index: 0, total_n_fragments: 1, length: 20, data: [99, 108, 105, 101, 110, 116, 95, 108, 105, 115, 116, 33, 40, 91, 52, 44, 32, 53, 93, 41, 0, 0, 0, 0, 0, 0, 0, 0, 0, 0, 0, 0, 0, 0, 0, 0, 0, 0, 0, 0, 0, 0, 0, 0, 0, 0, 0, 0, 0, 0, 0, 0, 0, 0, 0, 0, 0, 0, 0, 0, 0, 0, 0, 0, 0, 0, 0, 0, 0, 0, 0, 0, 0, 0, 0, 0, 0, 0, 0, 0, 0, 0, 0, 0, 0, 0, 0, 0, 0, 0, 0, 0, 0, 0, 0, 0, 0, 0, 0, 0, 0, 0, 0, 0, 0, 0, 0, 0, 0, 0, 0, 0, 0, 0, 0, 0, 0, 0, 0, 0, 0, 0, 0, 0, 0, 0, 0, 0] }
[1748635868] client_list!([4, 5])
[1748635868] Message to 4 Fragment { fragment_index: 0, total_n_fragments: 1, length: 20, data: [99, 108, 105, 101, 110, 116, 95, 108, 105, 115, 116, 33, 40, 91, 52, 44, 32, 53, 93, 41, 0, 0, 0, 0, 0, 0, 0, 0, 0, 0, 0, 0, 0, 0, 0, 0, 0, 0, 0, 0, 0, 0, 0, 0, 0, 0, 0, 0, 0, 0, 0, 0, 0, 0, 0, 0, 0, 0, 0, 0, 0, 0, 0, 0, 0, 0, 0, 0, 0, 0, 0, 0, 0, 0, 0, 0, 0, 0, 0, 0, 0, 0, 0, 0, 0, 0, 0, 0, 0, 0, 0, 0, 0, 0, 0, 0, 0, 0, 0, 0, 0, 0, 0, 0, 0, 0, 0, 0, 0, 0, 0, 0, 0, 0, 0, 0, 0, 0, 0, 0, 0, 0, 0, 0, 0, 0, 0, 0] }
[1748635868] client_list!([4, 5])
[1748635961] Message to 4 Fragment { fragment_index: 0, total_n_fragments: 1, length: 33, data: [115, 101, 114, 118, 101, 114, 95, 116, 121, 112, 101, 33, 40, 67, 111, 109, 109, 117, 110, 105, 99, 97, 116, 105, 111, 110, 83, 101, 114, 118, 101, 114, 41, 0, 0, 0, 0, 0, 0, 0, 0, 0, 0, 0, 0, 0, 0, 0, 0, 0, 0, 0, 0, 0, 0, 0, 0, 0, 0, 0, 0, 0, 0, 0, 0, 0, 0, 0, 0, 0, 0, 0, 0, 0, 0, 0, 0, 0, 0, 0, 0, 0, 0, 0, 0, 0, 0, 0, 0, 0, 0, 0, 0, 0, 0, 0, 0, 0, 0, 0, 0, 0, 0, 0, 0, 0, 0, 0, 0, 0, 0, 0, 0, 0, 0, 0, 0, 0, 0, 0, 0, 0, 0, 0, 0, 0, 0, 0] }
[1748635961] server_type!(CommunicationServer)
[1748635961] Message to 5 Fragment { fragment_index: 0, total_n_fragments: 1, length: 33, data: [115, 101, 114, 118, 101, 114, 95, 116, 121, 112, 101, 33, 40, 67, 111, 109, 109, 117, 110, 105, 99, 97, 116, 105, 111, 110, 83, 101, 114, 118, 101, 114, 41, 0, 0, 0, 0, 0, 0, 0, 0, 0, 0, 0, 0, 0, 0, 0, 0, 0, 0, 0, 0, 0, 0, 0, 0, 0, 0, 0, 0, 0, 0, 0, 0, 0, 0, 0, 0, 0, 0, 0, 0, 0, 0, 0, 0, 0, 0, 0, 0, 0, 0, 0, 0, 0, 0, 0, 0, 0, 0, 0, 0, 0, 0, 0, 0, 0, 0, 0, 0, 0, 0, 0, 0, 0, 0, 0, 0, 0, 0, 0, 0, 0, 0, 0, 0, 0, 0, 0, 0, 0, 0, 0, 0, 0, 0, 0] }
[1748635961] server_type!(CommunicationServer)
[1748635967] Message to 4 Fragment { fragment_index: 0, total_n_fragments: 1, length: 20, data: [99, 108, 105, 101, 110, 116, 95, 108, 105, 115, 116, 33, 40, 91, 52, 44, 32, 53, 93, 41, 0, 0, 0, 0, 0, 0, 0, 0, 0, 0, 0, 0, 0, 0, 0, 0, 0, 0, 0, 0, 0, 0, 0, 0, 0, 0, 0, 0, 0, 0, 0, 0, 0, 0, 0, 0, 0, 0, 0, 0, 0, 0, 0, 0, 0, 0, 0, 0, 0, 0, 0, 0, 0, 0, 0, 0, 0, 0, 0, 0, 0, 0, 0, 0, 0, 0, 0, 0, 0, 0, 0, 0, 0, 0, 0, 0, 0, 0, 0, 0, 0, 0, 0, 0, 0, 0, 0, 0, 0, 0, 0, 0, 0, 0, 0, 0, 0, 0, 0, 0, 0, 0, 0, 0, 0, 0, 0, 0] }
[1748635967] client_list!([4, 5])
[1748636192] Message to 5 Fragment { fragment_index: 0, total_n_fragments: 1, length: 33, data: [115, 101, 114, 118, 101, 114, 95, 116, 121, 112, 101, 33, 40, 67, 111, 109, 109, 117, 110, 105, 99, 97, 116, 105, 111, 110, 83, 101, 114, 118, 101, 114, 41, 0, 0, 0, 0, 0, 0, 0, 0, 0, 0, 0, 0, 0, 0, 0, 0, 0, 0, 0, 0, 0, 0, 0, 0, 0, 0, 0, 0, 0, 0, 0, 0, 0, 0, 0, 0, 0, 0, 0, 0, 0, 0, 0, 0, 0, 0, 0, 0, 0, 0, 0, 0, 0, 0, 0, 0, 0, 0, 0, 0, 0, 0, 0, 0, 0, 0, 0, 0, 0, 0, 0, 0, 0, 0, 0, 0, 0, 0, 0, 0, 0, 0, 0, 0, 0, 0, 0, 0, 0, 0, 0, 0, 0, 0, 0] }
[1748636192] server_type!(CommunicationServer)
[1748636203] Message to 4 Fragment { fragment_index: 0, total_n_fragments: 1, length: 33, data: [115, 101, 114, 118, 101, 114, 95, 116, 121, 112, 101, 33, 40, 67, 111, 109, 109, 117, 110, 105, 99, 97, 116, 105, 111, 110, 83, 101, 114, 118, 101, 114, 41, 0, 0, 0, 0, 0, 0, 0, 0, 0, 0, 0, 0, 0, 0, 0, 0, 0, 0, 0, 0, 0, 0, 0, 0, 0, 0, 0, 0, 0, 0, 0, 0, 0, 0, 0, 0, 0, 0, 0, 0, 0, 0, 0, 0, 0, 0, 0, 0, 0, 0, 0, 0, 0, 0, 0, 0, 0, 0, 0, 0, 0, 0, 0, 0, 0, 0, 0, 0, 0, 0, 0, 0, 0, 0, 0, 0, 0, 0, 0, 0, 0, 0, 0, 0, 0, 0, 0, 0, 0, 0, 0, 0, 0, 0, 0] }
[1748636203] server_type!(CommunicationServer)
[1748636203] Message to 5 Fragment { fragment_index: 0, total_n_fragments: 1, length: 33, data: [115, 101, 114, 118, 101, 114, 95, 116, 121, 112, 101, 33, 40, 67, 111, 109, 109, 117, 110, 105, 99, 97, 116, 105, 111, 110, 83, 101, 114, 118, 101, 114, 41, 0, 0, 0, 0, 0, 0, 0, 0, 0, 0, 0, 0, 0, 0, 0, 0, 0, 0, 0, 0, 0, 0, 0, 0, 0, 0, 0, 0, 0, 0, 0, 0, 0, 0, 0, 0, 0, 0, 0, 0, 0, 0, 0, 0, 0, 0, 0, 0, 0, 0, 0, 0, 0, 0, 0, 0, 0, 0, 0, 0, 0, 0, 0, 0, 0, 0, 0, 0, 0, 0, 0, 0, 0, 0, 0, 0, 0, 0, 0, 0, 0, 0, 0, 0, 0, 0, 0, 0, 0, 0, 0, 0, 0, 0, 0] }
[1748636203] server_type!(CommunicationServer)
[1748636212] Message to 4 Fragment { fragment_index: 0, total_n_fragments: 1, length: 20, data: [99, 108, 105, 101, 110, 116, 95, 108, 105, 115, 116, 33, 40, 91, 52, 44, 32, 53, 93, 41, 0, 0, 0, 0, 0, 0, 0, 0, 0, 0, 0, 0, 0, 0, 0, 0, 0, 0, 0, 0, 0, 0, 0, 0, 0, 0, 0, 0, 0, 0, 0, 0, 0, 0, 0, 0, 0, 0, 0, 0, 0, 0, 0, 0, 0, 0, 0, 0, 0, 0, 0, 0, 0, 0, 0, 0, 0, 0, 0, 0, 0, 0, 0, 0, 0, 0, 0, 0, 0, 0, 0, 0, 0, 0, 0, 0, 0, 0, 0, 0, 0, 0, 0, 0, 0, 0, 0, 0, 0, 0, 0, 0, 0, 0, 0, 0, 0, 0, 0, 0, 0, 0, 0, 0, 0, 0, 0, 0] }
[1748636212] client_list!([4, 5])
[1748636294] Message to 4 Fragment { fragment_index: 0, total_n_fragments: 1, length: 33, data: [115, 101, 114, 118, 101, 114, 95, 116, 121, 112, 101, 33, 40, 67, 111, 109, 109, 117, 110, 105, 99, 97, 116, 105, 111, 110, 83, 101, 114, 118, 101, 114, 41, 0, 0, 0, 0, 0, 0, 0, 0, 0, 0, 0, 0, 0, 0, 0, 0, 0, 0, 0, 0, 0, 0, 0, 0, 0, 0, 0, 0, 0, 0, 0, 0, 0, 0, 0, 0, 0, 0, 0, 0, 0, 0, 0, 0, 0, 0, 0, 0, 0, 0, 0, 0, 0, 0, 0, 0, 0, 0, 0, 0, 0, 0, 0, 0, 0, 0, 0, 0, 0, 0, 0, 0, 0, 0, 0, 0, 0, 0, 0, 0, 0, 0, 0, 0, 0, 0, 0, 0, 0, 0, 0, 0, 0, 0, 0] }
[1748636294] server_type!(CommunicationServer)
[1748636294] Message to 5 Fragment { fragment_index: 0, total_n_fragments: 1, length: 33, data: [115, 101, 114, 118, 101, 114, 95, 116, 121, 112, 101, 33, 40, 67, 111, 109, 109, 117, 110, 105, 99, 97, 116, 105, 111, 110, 83, 101, 114, 118, 101, 114, 41, 0, 0, 0, 0, 0, 0, 0, 0, 0, 0, 0, 0, 0, 0, 0, 0, 0, 0, 0, 0, 0, 0, 0, 0, 0, 0, 0, 0, 0, 0, 0, 0, 0, 0, 0, 0, 0, 0, 0, 0, 0, 0, 0, 0, 0, 0, 0, 0, 0, 0, 0, 0, 0, 0, 0, 0, 0, 0, 0, 0, 0, 0, 0, 0, 0, 0, 0, 0, 0, 0, 0, 0, 0, 0, 0, 0, 0, 0, 0, 0, 0, 0, 0, 0, 0, 0, 0, 0, 0, 0, 0, 0, 0, 0, 0] }
[1748636294] server_type!(CommunicationServer)
[1748636300] Message to 4 Fragment { fragment_index: 0, total_n_fragments: 1, length: 20, data: [99, 108, 105, 101, 110, 116, 95, 108, 105, 115, 116, 33, 40, 91, 52, 44, 32, 53, 93, 41, 0, 0, 0, 0, 0, 0, 0, 0, 0, 0, 0, 0, 0, 0, 0, 0, 0, 0, 0, 0, 0, 0, 0, 0, 0, 0, 0, 0, 0, 0, 0, 0, 0, 0, 0, 0, 0, 0, 0, 0, 0, 0, 0, 0, 0, 0, 0, 0, 0, 0, 0, 0, 0, 0, 0, 0, 0, 0, 0, 0, 0, 0, 0, 0, 0, 0, 0, 0, 0, 0, 0, 0, 0, 0, 0, 0, 0, 0, 0, 0, 0, 0, 0, 0, 0, 0, 0, 0, 0, 0, 0, 0, 0, 0, 0, 0, 0, 0, 0, 0, 0, 0, 0, 0, 0, 0, 0, 0] }
[1748636300] client_list!([4, 5])
[1748636490] Message to 4 Fragment { fragment_index: 0, total_n_fragments: 1, length: 33, data: [115, 101, 114, 118, 101, 114, 95, 116, 121, 112, 101, 33, 40, 67, 111, 109, 109, 117, 110, 105, 99, 97, 116, 105, 111, 110, 83, 101, 114, 118, 101, 114, 41, 0, 0, 0, 0, 0, 0, 0, 0, 0, 0, 0, 0, 0, 0, 0, 0, 0, 0, 0, 0, 0, 0, 0, 0, 0, 0, 0, 0, 0, 0, 0, 0, 0, 0, 0, 0, 0, 0, 0, 0, 0, 0, 0, 0, 0, 0, 0, 0, 0, 0, 0, 0, 0, 0, 0, 0, 0, 0, 0, 0, 0, 0, 0, 0, 0, 0, 0, 0, 0, 0, 0, 0, 0, 0, 0, 0, 0, 0, 0, 0, 0, 0, 0, 0, 0, 0, 0, 0, 0, 0, 0, 0, 0, 0, 0] }
[1748636490] server_type!(CommunicationServer)
[1748636490] Message to 5 Fragment { fragment_index: 0, total_n_fragments: 1, length: 33, data: [115, 101, 114, 118, 101, 114, 95, 116, 121, 112, 101, 33, 40, 67, 111, 109, 109, 117, 110, 105, 99, 97, 116, 105, 111, 110, 83, 101, 114, 118, 101, 114, 41, 0, 0, 0, 0, 0, 0, 0, 0, 0, 0, 0, 0, 0, 0, 0, 0, 0, 0, 0, 0, 0, 0, 0, 0, 0, 0, 0, 0, 0, 0, 0, 0, 0, 0, 0, 0, 0, 0, 0, 0, 0, 0, 0, 0, 0, 0, 0, 0, 0, 0, 0, 0, 0, 0, 0, 0, 0, 0, 0, 0, 0, 0, 0, 0, 0, 0, 0, 0, 0, 0, 0, 0, 0, 0, 0, 0, 0, 0, 0, 0, 0, 0, 0, 0, 0, 0, 0, 0, 0, 0, 0, 0, 0, 0, 0] }
[1748636490] server_type!(CommunicationServer)
[1748636499] Message to 4 Fragment { fragment_index: 0, total_n_fragments: 1, length: 20, data: [99, 108, 105, 101, 110, 116, 95, 108, 105, 115, 116, 33, 40, 91, 52, 44, 32, 53, 93, 41, 0, 0, 0, 0, 0, 0, 0, 0, 0, 0, 0, 0, 0, 0, 0, 0, 0, 0, 0, 0, 0, 0, 0, 0, 0, 0, 0, 0, 0, 0, 0, 0, 0, 0, 0, 0, 0, 0, 0, 0, 0, 0, 0, 0, 0, 0, 0, 0, 0, 0, 0, 0, 0, 0, 0, 0, 0, 0, 0, 0, 0, 0, 0, 0, 0, 0, 0, 0, 0, 0, 0, 0, 0, 0, 0, 0, 0, 0, 0, 0, 0, 0, 0, 0, 0, 0, 0, 0, 0, 0, 0, 0, 0, 0, 0, 0, 0, 0, 0, 0, 0, 0, 0, 0, 0, 0, 0, 0] }
[1748636499] client_list!([4, 5])
[1748636710] Message to 4 Fragment { fragment_index: 0, total_n_fragments: 1, length: 33, data: [115, 101, 114, 118, 101, 114, 95, 116, 121, 112, 101, 33, 40, 67, 111, 109, 109, 117, 110, 105, 99, 97, 116, 105, 111, 110, 83, 101, 114, 118, 101, 114, 41, 0, 0, 0, 0, 0, 0, 0, 0, 0, 0, 0, 0, 0, 0, 0, 0, 0, 0, 0, 0, 0, 0, 0, 0, 0, 0, 0, 0, 0, 0, 0, 0, 0, 0, 0, 0, 0, 0, 0, 0, 0, 0, 0, 0, 0, 0, 0, 0, 0, 0, 0, 0, 0, 0, 0, 0, 0, 0, 0, 0, 0, 0, 0, 0, 0, 0, 0, 0, 0, 0, 0, 0, 0, 0, 0, 0, 0, 0, 0, 0, 0, 0, 0, 0, 0, 0, 0, 0, 0, 0, 0, 0, 0, 0, 0] }
[1748636710] server_type!(CommunicationServer)
[1748636710] Message to 4 Fragment { fragment_index: 0, total_n_fragments: 1, length: 33, data: [115, 101, 114, 118, 101, 114, 95, 116, 121, 112, 101, 33, 40, 67, 111, 109, 109, 117, 110, 105, 99, 97, 116, 105, 111, 110, 83, 101, 114, 118, 101, 114, 41, 0, 0, 0, 0, 0, 0, 0, 0, 0, 0, 0, 0, 0, 0, 0, 0, 0, 0, 0, 0, 0, 0, 0, 0, 0, 0, 0, 0, 0, 0, 0, 0, 0, 0, 0, 0, 0, 0, 0, 0, 0, 0, 0, 0, 0, 0, 0, 0, 0, 0, 0, 0, 0, 0, 0, 0, 0, 0, 0, 0, 0, 0, 0, 0, 0, 0, 0, 0, 0, 0, 0, 0, 0, 0, 0, 0, 0, 0, 0, 0, 0, 0, 0, 0, 0, 0, 0, 0, 0, 0, 0, 0, 0, 0, 0] }
[1748636710] server_type!(CommunicationServer)
[1748636710] Message to 5 Fragment { fragment_index: 0, total_n_fragments: 1, length: 33, data: [115, 101, 114, 118, 101, 114, 95, 116, 121, 112, 101, 33, 40, 67, 111, 109, 109, 117, 110, 105, 99, 97, 116, 105, 111, 110, 83, 101, 114, 118, 101, 114, 41, 0, 0, 0, 0, 0, 0, 0, 0, 0, 0, 0, 0, 0, 0, 0, 0, 0, 0, 0, 0, 0, 0, 0, 0, 0, 0, 0, 0, 0, 0, 0, 0, 0, 0, 0, 0, 0, 0, 0, 0, 0, 0, 0, 0, 0, 0, 0, 0, 0, 0, 0, 0, 0, 0, 0, 0, 0, 0, 0, 0, 0, 0, 0, 0, 0, 0, 0, 0, 0, 0, 0, 0, 0, 0, 0, 0, 0, 0, 0, 0, 0, 0, 0, 0, 0, 0, 0, 0, 0, 0, 0, 0, 0, 0, 0] }
[1748636710] server_type!(CommunicationServer)
[1748636716] Message to 4 Fragment { fragment_index: 0, total_n_fragments: 1, length: 20, data: [99, 108, 105, 101, 110, 116, 95, 108, 105, 115, 116, 33, 40, 91, 52, 44, 32, 53, 93, 41, 0, 0, 0, 0, 0, 0, 0, 0, 0, 0, 0, 0, 0, 0, 0, 0, 0, 0, 0, 0, 0, 0, 0, 0, 0, 0, 0, 0, 0, 0, 0, 0, 0, 0, 0, 0, 0, 0, 0, 0, 0, 0, 0, 0, 0, 0, 0, 0, 0, 0, 0, 0, 0, 0, 0, 0, 0, 0, 0, 0, 0, 0, 0, 0, 0, 0, 0, 0, 0, 0, 0, 0, 0, 0, 0, 0, 0, 0, 0, 0, 0, 0, 0, 0, 0, 0, 0, 0, 0, 0, 0, 0, 0, 0, 0, 0, 0, 0, 0, 0, 0, 0, 0, 0, 0, 0, 0, 0] }
[1748636716] client_list!([4, 5])
[1748636718] Message to 4 Fragment { fragment_index: 0, total_n_fragments: 1, length: 20, data: [99, 108, 105, 101, 110, 116, 95, 108, 105, 115, 116, 33, 40, 91, 52, 44, 32, 53, 93, 41, 0, 0, 0, 0, 0, 0, 0, 0, 0, 0, 0, 0, 0, 0, 0, 0, 0, 0, 0, 0, 0, 0, 0, 0, 0, 0, 0, 0, 0, 0, 0, 0, 0, 0, 0, 0, 0, 0, 0, 0, 0, 0, 0, 0, 0, 0, 0, 0, 0, 0, 0, 0, 0, 0, 0, 0, 0, 0, 0, 0, 0, 0, 0, 0, 0, 0, 0, 0, 0, 0, 0, 0, 0, 0, 0, 0, 0, 0, 0, 0, 0, 0, 0, 0, 0, 0, 0, 0, 0, 0, 0, 0, 0, 0, 0, 0, 0, 0, 0, 0, 0, 0, 0, 0, 0, 0, 0, 0] }
[1748636718] client_list!([4, 5])
[1748636731] Message to 4 Fragment { fragment_index: 0, total_n_fragments: 1, length: 20, data: [99, 108, 105, 101, 110, 116, 95, 108, 105, 115, 116, 33, 40, 91, 52, 44, 32, 53, 93, 41, 0, 0, 0, 0, 0, 0, 0, 0, 0, 0, 0, 0, 0, 0, 0, 0, 0, 0, 0, 0, 0, 0, 0, 0, 0, 0, 0, 0, 0, 0, 0, 0, 0, 0, 0, 0, 0, 0, 0, 0, 0, 0, 0, 0, 0, 0, 0, 0, 0, 0, 0, 0, 0, 0, 0, 0, 0, 0, 0, 0, 0, 0, 0, 0, 0, 0, 0, 0, 0, 0, 0, 0, 0, 0, 0, 0, 0, 0, 0, 0, 0, 0, 0, 0, 0, 0, 0, 0, 0, 0, 0, 0, 0, 0, 0, 0, 0, 0, 0, 0, 0, 0, 0, 0, 0, 0, 0, 0] }
[1748636731] client_list!([4, 5])
[1748636738] Message to 4 Fragment { fragment_index: 0, total_n_fragments: 1, length: 20, data: [99, 108, 105, 101, 110, 116, 95, 108, 105, 115, 116, 33, 40, 91, 52, 44, 32, 53, 93, 41, 0, 0, 0, 0, 0, 0, 0, 0, 0, 0, 0, 0, 0, 0, 0, 0, 0, 0, 0, 0, 0, 0, 0, 0, 0, 0, 0, 0, 0, 0, 0, 0, 0, 0, 0, 0, 0, 0, 0, 0, 0, 0, 0, 0, 0, 0, 0, 0, 0, 0, 0, 0, 0, 0, 0, 0, 0, 0, 0, 0, 0, 0, 0, 0, 0, 0, 0, 0, 0, 0, 0, 0, 0, 0, 0, 0, 0, 0, 0, 0, 0, 0, 0, 0, 0, 0, 0, 0, 0, 0, 0, 0, 0, 0, 0, 0, 0, 0, 0, 0, 0, 0, 0, 0, 0, 0, 0, 0] }
[1748636738] client_list!([4, 5])
[1748637500] Message to 4 Fragment { fragment_index: 0, total_n_fragments: 1, length: 33, data: [115, 101, 114, 118, 101, 114, 95, 116, 121, 112, 101, 33, 40, 67, 111, 109, 109, 117, 110, 105, 99, 97, 116, 105, 111, 110, 83, 101, 114, 118, 101, 114, 41, 0, 0, 0, 0, 0, 0, 0, 0, 0, 0, 0, 0, 0, 0, 0, 0, 0, 0, 0, 0, 0, 0, 0, 0, 0, 0, 0, 0, 0, 0, 0, 0, 0, 0, 0, 0, 0, 0, 0, 0, 0, 0, 0, 0, 0, 0, 0, 0, 0, 0, 0, 0, 0, 0, 0, 0, 0, 0, 0, 0, 0, 0, 0, 0, 0, 0, 0, 0, 0, 0, 0, 0, 0, 0, 0, 0, 0, 0, 0, 0, 0, 0, 0, 0, 0, 0, 0, 0, 0, 0, 0, 0, 0, 0, 0] }
[1748637500] server_type!(CommunicationServer)
[1748637500] Message to 5 Fragment { fragment_index: 0, total_n_fragments: 1, length: 33, data: [115, 101, 114, 118, 101, 114, 95, 116, 121, 112, 101, 33, 40, 67, 111, 109, 109, 117, 110, 105, 99, 97, 116, 105, 111, 110, 83, 101, 114, 118, 101, 114, 41, 0, 0, 0, 0, 0, 0, 0, 0, 0, 0, 0, 0, 0, 0, 0, 0, 0, 0, 0, 0, 0, 0, 0, 0, 0, 0, 0, 0, 0, 0, 0, 0, 0, 0, 0, 0, 0, 0, 0, 0, 0, 0, 0, 0, 0, 0, 0, 0, 0, 0, 0, 0, 0, 0, 0, 0, 0, 0, 0, 0, 0, 0, 0, 0, 0, 0, 0, 0, 0, 0, 0, 0, 0, 0, 0, 0, 0, 0, 0, 0, 0, 0, 0, 0, 0, 0, 0, 0, 0, 0, 0, 0, 0, 0, 0] }
[1748637500] server_type!(CommunicationServer)
[1748637507] Message to 4 Fragment { fragment_index: 0, total_n_fragments: 1, length: 20, data: [99, 108, 105, 101, 110, 116, 95, 108, 105, 115, 116, 33, 40, 91, 52, 44, 32, 53, 93, 41, 0, 0, 0, 0, 0, 0, 0, 0, 0, 0, 0, 0, 0, 0, 0, 0, 0, 0, 0, 0, 0, 0, 0, 0, 0, 0, 0, 0, 0, 0, 0, 0, 0, 0, 0, 0, 0, 0, 0, 0, 0, 0, 0, 0, 0, 0, 0, 0, 0, 0, 0, 0, 0, 0, 0, 0, 0, 0, 0, 0, 0, 0, 0, 0, 0, 0, 0, 0, 0, 0, 0, 0, 0, 0, 0, 0, 0, 0, 0, 0, 0, 0, 0, 0, 0, 0, 0, 0, 0, 0, 0, 0, 0, 0, 0, 0, 0, 0, 0, 0, 0, 0, 0, 0, 0, 0, 0, 0] }
[1748637507] client_list!([4, 5])
